2020-12-07 12:52:26.559  INFO 13776 --- [main] com.caigentan.SpringBasicApplication     : Starting SpringBasicApplication using Java 11.0.8 on 菜根檀 with PID 13776 (C:\Users\Administrator\IdeaProjects\spring_basic\target\classes started by Administrator in C:\Users\Administrator\IdeaProjects\spring_basic)
2020-12-07 12:52:26.597  INFO 13776 --- [main] com.caigentan.SpringBasicApplication     : No active profile set, falling back to default profiles: default
2020-12-07 12:52:27.277  INFO 13776 --- [main] o.s.b.w.embedded.tomcat.TomcatWebServer  : Tomcat initialized with port(s): 8080 (http)
2020-12-07 12:52:27.284  INFO 13776 --- [main] o.apache.catalina.core.StandardService   : Starting service [Tomcat]
2020-12-07 12:52:27.285  INFO 13776 --- [main] org.apache.catalina.core.StandardEngine  : Starting Servlet engine: [Apache Tomcat/9.0.39]
2020-12-07 12:52:27.932  INFO 13776 --- [main] org.apache.jasper.servlet.TldScanner     : At least one JAR was scanned for TLDs yet contained no TLDs. Enable debug logging for this logger for a complete list of JARs that were scanned but no TLDs were found in them. Skipping unneeded JARs during scanning can improve startup time and JSP compilation time.
2020-12-07 12:52:27.939  INFO 13776 --- [main] o.a.c.c.C.[Tomcat].[localhost].[/]       : Initializing Spring embedded WebApplicationContext
2020-12-07 12:52:27.939  INFO 13776 --- [main] w.s.c.ServletWebServerApplicationContext : Root WebApplicationContext: initialization completed in 1300 ms
2020-12-07 12:52:28.135  INFO 13776 --- [main] o.s.s.concurrent.ThreadPoolTaskExecutor  : Initializing ExecutorService 'applicationTaskExecutor'
2020-12-07 12:52:28.192  INFO 13776 --- [main] o.s.b.a.w.s.WelcomePageHandlerMapping    : Adding welcome page template: index
2020-12-07 12:52:28.284  INFO 13776 --- [main] o.s.b.w.embedded.tomcat.TomcatWebServer  : Tomcat started on port(s): 8080 (http) with context path ''
2020-12-07 12:52:28.294  INFO 13776 --- [main] com.caigentan.SpringBasicApplication     : Started SpringBasicApplication in 2.124 seconds (JVM running for 2.958)
2020-12-07 12:52:40.546  INFO 13776 --- [http-nio-8080-exec-1] o.a.c.c.C.[Tomcat].[localhost].[/]       : Initializing Spring DispatcherServlet 'dispatcherServlet'
2020-12-07 12:52:40.547  INFO 13776 --- [http-nio-8080-exec-1] o.s.web.servlet.DispatcherServlet        : Initializing Servlet 'dispatcherServlet'
2020-12-07 12:52:40.548  INFO 13776 --- [http-nio-8080-exec-1] o.s.web.servlet.DispatcherServlet        : Completed initialization in 1 ms
2020-12-07 12:55:30.817  INFO 19220 --- [main] com.caigentan.SpringBasicApplication     : Starting SpringBasicApplication using Java 11.0.8 on 菜根檀 with PID 19220 (C:\Users\Administrator\IdeaProjects\spring_basic\target\classes started by Administrator in C:\Users\Administrator\IdeaProjects\spring_basic)
2020-12-07 12:55:30.819  INFO 19220 --- [main] com.caigentan.SpringBasicApplication     : No active profile set, falling back to default profiles: default
2020-12-07 12:55:31.546  INFO 19220 --- [main] o.s.b.w.embedded.tomcat.TomcatWebServer  : Tomcat initialized with port(s): 8080 (http)
2020-12-07 12:55:31.553  INFO 19220 --- [main] o.apache.catalina.core.StandardService   : Starting service [Tomcat]
2020-12-07 12:55:31.553  INFO 19220 --- [main] org.apache.catalina.core.StandardEngine  : Starting Servlet engine: [Apache Tomcat/9.0.39]
2020-12-07 12:55:31.744  INFO 19220 --- [main] org.apache.jasper.servlet.TldScanner     : At least one JAR was scanned for TLDs yet contained no TLDs. Enable debug logging for this logger for a complete list of JARs that were scanned but no TLDs were found in them. Skipping unneeded JARs during scanning can improve startup time and JSP compilation time.
2020-12-07 12:55:31.752  INFO 19220 --- [main] o.a.c.c.C.[Tomcat].[localhost].[/]       : Initializing Spring embedded WebApplicationContext
2020-12-07 12:55:31.752  INFO 19220 --- [main] w.s.c.ServletWebServerApplicationContext : Root WebApplicationContext: initialization completed in 883 ms
2020-12-07 12:55:31.957  INFO 19220 --- [main] o.s.s.concurrent.ThreadPoolTaskExecutor  : Initializing ExecutorService 'applicationTaskExecutor'
2020-12-07 12:55:32.028  INFO 19220 --- [main] o.s.b.a.w.s.WelcomePageHandlerMapping    : Adding welcome page template: index
2020-12-07 12:55:32.122  INFO 19220 --- [main] o.s.b.w.embedded.tomcat.TomcatWebServer  : Tomcat started on port(s): 8080 (http) with context path ''
2020-12-07 12:55:32.130  INFO 19220 --- [main] com.caigentan.SpringBasicApplication     : Started SpringBasicApplication in 1.635 seconds (JVM running for 2.391)
2020-12-07 12:55:38.399  INFO 19220 --- [http-nio-8080-exec-1] o.a.c.c.C.[Tomcat].[localhost].[/]       : Initializing Spring DispatcherServlet 'dispatcherServlet'
2020-12-07 12:55:38.400  INFO 19220 --- [http-nio-8080-exec-1] o.s.web.servlet.DispatcherServlet        : Initializing Servlet 'dispatcherServlet'
2020-12-07 12:55:38.401  INFO 19220 --- [http-nio-8080-exec-1] o.s.web.servlet.DispatcherServlet        : Completed initialization in 1 ms
2020-12-07 12:56:15.830  INFO 9188 --- [main] com.caigentan.SpringBasicApplication     : Starting SpringBasicApplication using Java 11.0.8 on 菜根檀 with PID 9188 (C:\Users\Administrator\IdeaProjects\spring_basic\target\classes started by Administrator in C:\Users\Administrator\IdeaProjects\spring_basic)
2020-12-07 12:56:15.832  INFO 9188 --- [main] com.caigentan.SpringBasicApplication     : No active profile set, falling back to default profiles: default
2020-12-07 12:56:16.554  INFO 9188 --- [main] o.s.b.w.embedded.tomcat.TomcatWebServer  : Tomcat initialized with port(s): 8080 (http)
2020-12-07 12:56:16.561  INFO 9188 --- [main] o.apache.catalina.core.StandardService   : Starting service [Tomcat]
2020-12-07 12:56:16.561  INFO 9188 --- [main] org.apache.catalina.core.StandardEngine  : Starting Servlet engine: [Apache Tomcat/9.0.39]
2020-12-07 12:56:16.747  INFO 9188 --- [main] org.apache.jasper.servlet.TldScanner     : At least one JAR was scanned for TLDs yet contained no TLDs. Enable debug logging for this logger for a complete list of JARs that were scanned but no TLDs were found in them. Skipping unneeded JARs during scanning can improve startup time and JSP compilation time.
2020-12-07 12:56:16.753  INFO 9188 --- [main] o.a.c.c.C.[Tomcat].[localhost].[/]       : Initializing Spring embedded WebApplicationContext
2020-12-07 12:56:16.753  INFO 9188 --- [main] w.s.c.ServletWebServerApplicationContext : Root WebApplicationContext: initialization completed in 845 ms
2020-12-07 12:56:16.952  INFO 9188 --- [main] o.s.s.concurrent.ThreadPoolTaskExecutor  : Initializing ExecutorService 'applicationTaskExecutor'
2020-12-07 12:56:17.015  INFO 9188 --- [main] o.s.b.a.w.s.WelcomePageHandlerMapping    : Adding welcome page template: index
2020-12-07 12:56:17.103  INFO 9188 --- [main] o.s.b.w.embedded.tomcat.TomcatWebServer  : Tomcat started on port(s): 8080 (http) with context path ''
2020-12-07 12:56:17.113  INFO 9188 --- [main] com.caigentan.SpringBasicApplication     : Started SpringBasicApplication in 1.675 seconds (JVM running for 2.436)
2020-12-07 12:56:18.701  INFO 9188 --- [http-nio-8080-exec-1] o.a.c.c.C.[Tomcat].[localhost].[/]       : Initializing Spring DispatcherServlet 'dispatcherServlet'
2020-12-07 12:56:18.702  INFO 9188 --- [http-nio-8080-exec-1] o.s.web.servlet.DispatcherServlet        : Initializing Servlet 'dispatcherServlet'
2020-12-07 12:56:18.703  INFO 9188 --- [http-nio-8080-exec-1] o.s.web.servlet.DispatcherServlet        : Completed initialization in 1 ms
2020-12-07 12:57:02.848  INFO 3292 --- [main] com.caigentan.SpringBasicApplication     : Starting SpringBasicApplication using Java 11.0.8 on 菜根檀 with PID 3292 (C:\Users\Administrator\IdeaProjects\spring_basic\target\classes started by Administrator in C:\Users\Administrator\IdeaProjects\spring_basic)
2020-12-07 12:57:02.851  INFO 3292 --- [main] com.caigentan.SpringBasicApplication     : No active profile set, falling back to default profiles: default
2020-12-07 12:57:03.613  INFO 3292 --- [main] o.s.b.w.embedded.tomcat.TomcatWebServer  : Tomcat initialized with port(s): 8080 (http)
2020-12-07 12:57:03.622  INFO 3292 --- [main] o.apache.catalina.core.StandardService   : Starting service [Tomcat]
2020-12-07 12:57:03.623  INFO 3292 --- [main] org.apache.catalina.core.StandardEngine  : Starting Servlet engine: [Apache Tomcat/9.0.39]
2020-12-07 12:57:03.808  INFO 3292 --- [main] org.apache.jasper.servlet.TldScanner     : At least one JAR was scanned for TLDs yet contained no TLDs. Enable debug logging for this logger for a complete list of JARs that were scanned but no TLDs were found in them. Skipping unneeded JARs during scanning can improve startup time and JSP compilation time.
2020-12-07 12:57:03.816  INFO 3292 --- [main] o.a.c.c.C.[Tomcat].[localhost].[/]       : Initializing Spring embedded WebApplicationContext
2020-12-07 12:57:03.816  INFO 3292 --- [main] w.s.c.ServletWebServerApplicationContext : Root WebApplicationContext: initialization completed in 903 ms
2020-12-07 12:57:04.013  INFO 3292 --- [main] o.s.s.concurrent.ThreadPoolTaskExecutor  : Initializing ExecutorService 'applicationTaskExecutor'
2020-12-07 12:57:04.070  INFO 3292 --- [main] o.s.b.a.w.s.WelcomePageHandlerMapping    : Adding welcome page template: index
2020-12-07 12:57:04.158  INFO 3292 --- [main] o.s.b.w.embedded.tomcat.TomcatWebServer  : Tomcat started on port(s): 8080 (http) with context path ''
2020-12-07 12:57:04.167  INFO 3292 --- [main] com.caigentan.SpringBasicApplication     : Started SpringBasicApplication in 1.674 seconds (JVM running for 2.351)
2020-12-07 12:57:07.970  INFO 3292 --- [http-nio-8080-exec-1] o.a.c.c.C.[Tomcat].[localhost].[/]       : Initializing Spring DispatcherServlet 'dispatcherServlet'
2020-12-07 12:57:07.972  INFO 3292 --- [http-nio-8080-exec-1] o.s.web.servlet.DispatcherServlet        : Initializing Servlet 'dispatcherServlet'
2020-12-07 12:57:07.974  INFO 3292 --- [http-nio-8080-exec-1] o.s.web.servlet.DispatcherServlet        : Completed initialization in 1 ms
2020-12-07 12:57:42.847  INFO 2572 --- [main] com.caigentan.SpringBasicApplication     : Starting SpringBasicApplication using Java 11.0.8 on 菜根檀 with PID 2572 (C:\Users\Administrator\IdeaProjects\spring_basic\target\classes started by Administrator in C:\Users\Administrator\IdeaProjects\spring_basic)
2020-12-07 12:57:42.849  INFO 2572 --- [main] com.caigentan.SpringBasicApplication     : No active profile set, falling back to default profiles: default
2020-12-07 12:57:43.708  INFO 2572 --- [main] o.s.b.w.embedded.tomcat.TomcatWebServer  : Tomcat initialized with port(s): 8080 (http)
2020-12-07 12:57:43.716  INFO 2572 --- [main] o.apache.catalina.core.StandardService   : Starting service [Tomcat]
2020-12-07 12:57:43.716  INFO 2572 --- [main] org.apache.catalina.core.StandardEngine  : Starting Servlet engine: [Apache Tomcat/9.0.39]
2020-12-07 12:57:43.929  INFO 2572 --- [main] org.apache.jasper.servlet.TldScanner     : At least one JAR was scanned for TLDs yet contained no TLDs. Enable debug logging for this logger for a complete list of JARs that were scanned but no TLDs were found in them. Skipping unneeded JARs during scanning can improve startup time and JSP compilation time.
2020-12-07 12:57:43.938  INFO 2572 --- [main] o.a.c.c.C.[Tomcat].[localhost].[/]       : Initializing Spring embedded WebApplicationContext
2020-12-07 12:57:43.939  INFO 2572 --- [main] w.s.c.ServletWebServerApplicationContext : Root WebApplicationContext: initialization completed in 1043 ms
2020-12-07 12:57:44.162  INFO 2572 --- [main] o.s.s.concurrent.ThreadPoolTaskExecutor  : Initializing ExecutorService 'applicationTaskExecutor'
2020-12-07 12:57:44.224  INFO 2572 --- [main] o.s.b.a.w.s.WelcomePageHandlerMapping    : Adding welcome page template: index
2020-12-07 12:57:44.351  INFO 2572 --- [main] o.s.b.w.embedded.tomcat.TomcatWebServer  : Tomcat started on port(s): 8080 (http) with context path ''
2020-12-07 12:57:44.365  INFO 2572 --- [main] com.caigentan.SpringBasicApplication     : Started SpringBasicApplication in 1.873 seconds (JVM running for 2.566)
2020-12-07 12:57:50.458  INFO 2572 --- [http-nio-8080-exec-1] o.a.c.c.C.[Tomcat].[localhost].[/]       : Initializing Spring DispatcherServlet 'dispatcherServlet'
2020-12-07 12:57:50.459  INFO 2572 --- [http-nio-8080-exec-1] o.s.web.servlet.DispatcherServlet        : Initializing Servlet 'dispatcherServlet'
2020-12-07 12:57:50.460  INFO 2572 --- [http-nio-8080-exec-1] o.s.web.servlet.DispatcherServlet        : Completed initialization in 0 ms
